<?xml version="1.0" encoding="UTF-8"?>
<testsuite name="com.cchj.admin.springboot.web.PostsApiControllerTest" tests="2" skipped="0" failures="0" errors="0" timestamp="2023-02-20T21:33:54" hostname="HyoJun-ThinkPad" time="0.09">
  <properties/>
  <testcase name="Posts_등록됨" classname="com.cchj.admin.springboot.web.PostsApiControllerTest" time="0.062"/>
  <testcase name="Posts_수정된다" classname="com.cchj.admin.springboot.web.PostsApiControllerTest" time="0.024"/>
  <system-out><![CDATA[2023-02-21 06:33:54.207  INFO 12440 --- [    Test worker] .b.t.c.SpringBootTestContextBootstrapper : Neither @ContextConfiguration nor @ContextHierarchy found for test class [com.cchj.admin.springboot.web.PostsApiControllerTest], using SpringBootContextLoader
2023-02-21 06:33:54.208  INFO 12440 --- [    Test worker] o.s.t.c.support.AbstractContextLoader    : Could not detect default resource locations for test class [com.cchj.admin.springboot.web.PostsApiControllerTest]: no resource found for suffixes {-context.xml, Context.groovy}.
2023-02-21 06:33:54.208  INFO 12440 --- [    Test worker] t.c.s.AnnotationConfigContextLoaderUtils : Could not detect default configuration classes for test class [com.cchj.admin.springboot.web.PostsApiControllerTest]: PostsApiControllerTest does not declare any static, non-private, non-final, nested classes annotated with @Configuration.
2023-02-21 06:33:54.209  INFO 12440 --- [    Test worker] .b.t.c.SpringBootTestContextBootstrapper : Found @SpringBootConfiguration com.cchj.admin.springboot.Application for test class com.cchj.admin.springboot.web.PostsApiControllerTest
2023-02-21 06:33:54.210  INFO 12440 --- [    Test worker] .b.t.c.SpringBootTestContextBootstrapper : Loaded default TestExecutionListener class names from location [META-INF/spring.factories]: [org.springframework.security.test.context.support.WithSecurityContextTestExecutionListener, org.springframework.security.test.context.support.ReactorContextTestExecutionListener, org.springframework.boot.test.autoconfigure.restdocs.RestDocsTestExecutionListener, org.springframework.boot.test.autoconfigure.web.client.MockRestServiceServerResetTestExecutionListener, org.springframework.boot.test.autoconfigure.web.servlet.MockMvcPrintOnlyOnFailureTestExecutionListener, org.springframework.boot.test.autoconfigure.web.servlet.WebDriverTestExecutionListener, org.springframework.boot.test.mock.mockito.MockitoTestExecutionListener, org.springframework.boot.test.mock.mockito.ResetMocksTestExecutionListener, org.springframework.test.context.web.ServletTestExecutionListener, org.springframework.test.context.support.DirtiesContextBeforeModesTestExecutionListener, org.springframework.test.context.support.DependencyInjectionTestExecutionListener, org.springframework.test.context.support.DirtiesContextTestExecutionListener, org.springframework.test.context.transaction.TransactionalTestExecutionListener, org.springframework.test.context.jdbc.SqlScriptsTestExecutionListener]
2023-02-21 06:33:54.211  INFO 12440 --- [    Test worker] .b.t.c.SpringBootTestContextBootstrapper : Using TestExecutionListeners: [org.springframework.test.context.web.ServletTestExecutionListener@78ec15fc, org.springframework.test.context.support.DirtiesContextBeforeModesTestExecutionListener@6bec345b, org.springframework.boot.test.mock.mockito.MockitoTestExecutionListener@1801089c, org.springframework.boot.test.autoconfigure.SpringBootDependencyInjectionTestExecutionListener@52c1cac1, org.springframework.test.context.support.DirtiesContextTestExecutionListener@4a9a7690, org.springframework.test.context.transaction.TransactionalTestExecutionListener@40dedd74, org.springframework.test.context.jdbc.SqlScriptsTestExecutionListener@508b781b, org.springframework.security.test.context.support.WithSecurityContextTestExecutionListener@c402709, org.springframework.security.test.context.support.ReactorContextTestExecutionListener@15f7fee7, org.springframework.boot.test.autoconfigure.restdocs.RestDocsTestExecutionListener@2374a450, org.springframework.boot.test.autoconfigure.web.client.MockRestServiceServerResetTestExecutionListener@28344b85, org.springframework.boot.test.autoconfigure.web.servlet.MockMvcPrintOnlyOnFailureTestExecutionListener@254159e5, org.springframework.boot.test.autoconfigure.web.servlet.WebDriverTestExecutionListener@f6b9b6c, org.springframework.boot.test.mock.mockito.ResetMocksTestExecutionListener@9bbe8f5]
2023-02-21 06:33:54.212  INFO 12440 --- [    Test worker] f.a.AutowiredAnnotationBeanPostProcessor : Autowired annotation should only be used on methods with parameters: public void com.cchj.admin.springboot.web.PostsApiControllerTest.tearDown() throws java.lang.Exception
Hibernate: select posts0_.id as id1_0_, posts0_.created_date as created_2_0_, posts0_.modified_date as modified3_0_, posts0_.author as author4_0_, posts0_.content as content5_0_, posts0_.title as title6_0_ from posts posts0_
2023-02-21 06:33:54.219  INFO 12440 --- [    Test worker] o.a.c.c.C.[Tomcat].[localhost].[/]       : Initializing Spring TestDispatcherServlet ''
2023-02-21 06:33:54.219  INFO 12440 --- [    Test worker] o.s.t.web.servlet.TestDispatcherServlet  : Initializing Servlet ''
2023-02-21 06:33:54.222  INFO 12440 --- [    Test worker] o.s.t.web.servlet.TestDispatcherServlet  : Completed initialization in 3 ms
Hibernate: insert into posts (created_date, modified_date, author, content, title) values (?, ?, ?, ?, ?)
Hibernate: select posts0_.id as id1_0_, posts0_.created_date as created_2_0_, posts0_.modified_date as modified3_0_, posts0_.author as author4_0_, posts0_.content as content5_0_, posts0_.title as title6_0_ from posts posts0_
Hibernate: select posts0_.id as id1_0_, posts0_.created_date as created_2_0_, posts0_.modified_date as modified3_0_, posts0_.author as author4_0_, posts0_.content as content5_0_, posts0_.title as title6_0_ from posts posts0_
Hibernate: delete from posts where id=?
2023-02-21 06:33:54.284  INFO 12440 --- [    Test worker] o.a.c.c.C.[Tomcat].[localhost].[/]       : Initializing Spring TestDispatcherServlet ''
2023-02-21 06:33:54.284  INFO 12440 --- [    Test worker] o.s.t.web.servlet.TestDispatcherServlet  : Initializing Servlet ''
2023-02-21 06:33:54.286  INFO 12440 --- [    Test worker] o.s.t.web.servlet.TestDispatcherServlet  : Completed initialization in 2 ms
Hibernate: insert into posts (created_date, modified_date, author, content, title) values (?, ?, ?, ?, ?)
Hibernate: select posts0_.id as id1_0_0_, posts0_.created_date as created_2_0_0_, posts0_.modified_date as modified3_0_0_, posts0_.author as author4_0_0_, posts0_.content as content5_0_0_, posts0_.title as title6_0_0_ from posts posts0_ where posts0_.id=?
Hibernate: update posts set created_date=?, modified_date=?, author=?, content=?, title=? where id=?
Hibernate: select posts0_.id as id1_0_, posts0_.created_date as created_2_0_, posts0_.modified_date as modified3_0_, posts0_.author as author4_0_, posts0_.content as content5_0_, posts0_.title as title6_0_ from posts posts0_
]]></system-out>
  <system-err><![CDATA[]]></system-err>
</testsuite>
