<?xml version="1.0" encoding="UTF-8"?>
<testsuite name="com.cchj.admin.springboot.web.PostsApiControllerTest" tests="2" skipped="0" failures="0" errors="0" timestamp="2023-03-08T06:50:20" hostname="HyoJun-ThinkPad" time="0.431">
  <properties/>
  <testcase name="Posts_등록됨" classname="com.cchj.admin.springboot.web.PostsApiControllerTest" time="0.373"/>
  <testcase name="Posts_수정된다" classname="com.cchj.admin.springboot.web.PostsApiControllerTest" time="0.039"/>
  <system-out><![CDATA[15:50:14.304 [Test worker] DEBUG org.springframework.test.context.junit4.SpringJUnit4ClassRunner - SpringJUnit4ClassRunner constructor called with [class com.cchj.admin.springboot.web.PostsApiControllerTest]
15:50:14.309 [Test worker] DEBUG org.springframework.test.context.BootstrapUtils - Instantiating CacheAwareContextLoaderDelegate from class [org.springframework.test.context.cache.DefaultCacheAwareContextLoaderDelegate]
15:50:14.315 [Test worker] DEBUG org.springframework.test.context.BootstrapUtils - Instantiating BootstrapContext using constructor [public org.springframework.test.context.support.DefaultBootstrapContext(java.lang.Class,org.springframework.test.context.CacheAwareContextLoaderDelegate)]
15:50:14.332 [Test worker] DEBUG org.springframework.test.context.BootstrapUtils - Instantiating TestContextBootstrapper for test class [com.cchj.admin.springboot.web.PostsApiControllerTest] from class [org.springframework.boot.test.context.SpringBootTestContextBootstrapper]
15:50:14.342 [Test worker] INFO org.springframework.boot.test.context.SpringBootTestContextBootstrapper - Neither @ContextConfiguration nor @ContextHierarchy found for test class [com.cchj.admin.springboot.web.PostsApiControllerTest], using SpringBootContextLoader
15:50:14.345 [Test worker] DEBUG org.springframework.test.context.support.AbstractContextLoader - Did not detect default resource location for test class [com.cchj.admin.springboot.web.PostsApiControllerTest]: class path resource [com/cchj/admin/springboot/web/PostsApiControllerTest-context.xml] does not exist
15:50:14.346 [Test worker] DEBUG org.springframework.test.context.support.AbstractContextLoader - Did not detect default resource location for test class [com.cchj.admin.springboot.web.PostsApiControllerTest]: class path resource [com/cchj/admin/springboot/web/PostsApiControllerTestContext.groovy] does not exist
15:50:14.346 [Test worker] INFO org.springframework.test.context.support.AbstractContextLoader - Could not detect default resource locations for test class [com.cchj.admin.springboot.web.PostsApiControllerTest]: no resource found for suffixes {-context.xml, Context.groovy}.
15:50:14.347 [Test worker] INFO org.springframework.test.context.support.AnnotationConfigContextLoaderUtils - Could not detect default configuration classes for test class [com.cchj.admin.springboot.web.PostsApiControllerTest]: PostsApiControllerTest does not declare any static, non-private, non-final, nested classes annotated with @Configuration.
15:50:14.380 [Test worker] DEBUG org.springframework.test.context.support.ActiveProfilesUtils - Could not find an 'annotation declaring class' for annotation type [org.springframework.test.context.ActiveProfiles] and class [com.cchj.admin.springboot.web.PostsApiControllerTest]
15:50:14.448 [Test worker] DEBUG org.springframework.context.annotation.ClassPathScanningCandidateComponentProvider - Identified candidate component class: file [C:\Users\cjfgh\Desktop\SpringPractice\SpringBoot_Aws\build\classes\java\main\com\cchj\admin\springboot\Application.class]
15:50:14.449 [Test worker] INFO org.springframework.boot.test.context.SpringBootTestContextBootstrapper - Found @SpringBootConfiguration com.cchj.admin.springboot.Application for test class com.cchj.admin.springboot.web.PostsApiControllerTest
15:50:14.529 [Test worker] DEBUG org.springframework.boot.test.context.SpringBootTestContextBootstrapper - @TestExecutionListeners is not present for class [com.cchj.admin.springboot.web.PostsApiControllerTest]: using defaults.
15:50:14.529 [Test worker] INFO org.springframework.boot.test.context.SpringBootTestContextBootstrapper - Loaded default TestExecutionListener class names from location [META-INF/spring.factories]: [org.springframework.security.test.context.support.WithSecurityContextTestExecutionListener, org.springframework.security.test.context.support.ReactorContextTestExecutionListener, org.springframework.boot.test.autoconfigure.restdocs.RestDocsTestExecutionListener, org.springframework.boot.test.autoconfigure.web.client.MockRestServiceServerResetTestExecutionListener, org.springframework.boot.test.autoconfigure.web.servlet.MockMvcPrintOnlyOnFailureTestExecutionListener, org.springframework.boot.test.autoconfigure.web.servlet.WebDriverTestExecutionListener, org.springframework.boot.test.mock.mockito.MockitoTestExecutionListener, org.springframework.boot.test.mock.mockito.ResetMocksTestExecutionListener, org.springframework.test.context.web.ServletTestExecutionListener, org.springframework.test.context.support.DirtiesContextBeforeModesTestExecutionListener, org.springframework.test.context.support.DependencyInjectionTestExecutionListener, org.springframework.test.context.support.DirtiesContextTestExecutionListener, org.springframework.test.context.transaction.TransactionalTestExecutionListener, org.springframework.test.context.jdbc.SqlScriptsTestExecutionListener]
15:50:14.545 [Test worker] INFO org.springframework.boot.test.context.SpringBootTestContextBootstrapper - Using TestExecutionListeners: [org.springframework.test.context.web.ServletTestExecutionListener@769e9f1f, org.springframework.test.context.support.DirtiesContextBeforeModesTestExecutionListener@3e85665c, org.springframework.boot.test.mock.mockito.MockitoTestExecutionListener@779cbfd9, org.springframework.boot.test.autoconfigure.SpringBootDependencyInjectionTestExecutionListener@36599e5f, org.springframework.test.context.support.DirtiesContextTestExecutionListener@343d99ec, org.springframework.test.context.transaction.TransactionalTestExecutionListener@211faeb1, org.springframework.test.context.jdbc.SqlScriptsTestExecutionListener@336faf3c, org.springframework.security.test.context.support.WithSecurityContextTestExecutionListener@493e7468, org.springframework.security.test.context.support.ReactorContextTestExecutionListener@1114765a, org.springframework.boot.test.autoconfigure.restdocs.RestDocsTestExecutionListener@4d2228ef, org.springframework.boot.test.autoconfigure.web.client.MockRestServiceServerResetTestExecutionListener@3fa6838, org.springframework.boot.test.autoconfigure.web.servlet.MockMvcPrintOnlyOnFailureTestExecutionListener@39ddc11b, org.springframework.boot.test.autoconfigure.web.servlet.WebDriverTestExecutionListener@b49d6dc, org.springframework.boot.test.mock.mockito.ResetMocksTestExecutionListener@57f0f20a]
15:50:14.548 [Test worker] DEBUG org.springframework.test.annotation.ProfileValueUtils - Retrieved @ProfileValueSourceConfiguration [null] for test class [com.cchj.admin.springboot.web.PostsApiControllerTest]
15:50:14.548 [Test worker] DEBUG org.springframework.test.annotation.ProfileValueUtils - Retrieved ProfileValueSource type [class org.springframework.test.annotation.SystemProfileValueSource] for class [com.cchj.admin.springboot.web.PostsApiControllerTest]
15:50:14.550 [Test worker] DEBUG org.springframework.test.annotation.ProfileValueUtils - Retrieved @ProfileValueSourceConfiguration [null] for test class [com.cchj.admin.springboot.web.PostsApiControllerTest]
15:50:14.550 [Test worker] DEBUG org.springframework.test.annotation.ProfileValueUtils - Retrieved ProfileValueSource type [class org.springframework.test.annotation.SystemProfileValueSource] for class [com.cchj.admin.springboot.web.PostsApiControllerTest]
15:50:14.551 [Test worker] DEBUG org.springframework.test.annotation.ProfileValueUtils - Retrieved @ProfileValueSourceConfiguration [null] for test class [com.cchj.admin.springboot.web.PostsApiControllerTest]
15:50:14.551 [Test worker] DEBUG org.springframework.test.annotation.ProfileValueUtils - Retrieved ProfileValueSource type [class org.springframework.test.annotation.SystemProfileValueSource] for class [com.cchj.admin.springboot.web.PostsApiControllerTest]
15:50:14.554 [Test worker] DEBUG org.springframework.test.context.support.AbstractDirtiesContextTestExecutionListener - Before test class: context [DefaultTestContext@25e7cd9f testClass = PostsApiControllerTest, testInstance = [null], testMethod = [null], testException = [null], mergedContextConfiguration = [WebMergedContextConfiguration@79e6ae46 testClass = PostsApiControllerTest, locations = '{}', classes = '{class com.cchj.admin.springboot.Application}', contextInitializerClasses = '[]', activeProfiles = '{}', propertySourceLocations = '{}', propertySourceProperties = '{org.springframework.boot.test.context.SpringBootTestContextBootstrapper=true, server.port=0}', contextCustomizers = set[org.springframework.boot.test.autoconfigure.properties.PropertyMappingContextCustomizer@0, org.springframework.boot.test.autoconfigure.web.servlet.WebDriverContextCustomizerFactory$Customizer@b4a7b2c, org.springframework.boot.test.context.filter.ExcludeFilterContextCustomizer@214f6466, org.springframework.boot.test.json.DuplicateJsonObjectContextCustomizerFactory$DuplicateJsonObjectContextCustomizer@49e3d380, org.springframework.boot.test.mock.mockito.MockitoContextCustomizer@0, org.springframework.boot.test.web.client.TestRestTemplateContextCustomizer@704d14c5], resourceBasePath = 'src/main/webapp', contextLoader = 'org.springframework.boot.test.context.SpringBootContextLoader', parent = [null]], attributes = map['org.springframework.test.context.web.ServletTestExecutionListener.activateListener' -> false]], class annotated with @DirtiesContext [false] with mode [null].
15:50:14.554 [Test worker] DEBUG org.springframework.test.annotation.ProfileValueUtils - Retrieved @ProfileValueSourceConfiguration [null] for test class [com.cchj.admin.springboot.web.PostsApiControllerTest]
15:50:14.554 [Test worker] DEBUG org.springframework.test.annotation.ProfileValueUtils - Retrieved ProfileValueSource type [class org.springframework.test.annotation.SystemProfileValueSource] for class [com.cchj.admin.springboot.web.PostsApiControllerTest]
15:50:14.557 [Test worker] DEBUG org.springframework.test.context.support.DependencyInjectionTestExecutionListener - Performing dependency injection for test context [[DefaultTestContext@25e7cd9f testClass = PostsApiControllerTest, testInstance = com.cchj.admin.springboot.web.PostsApiControllerTest@7a009362, testMethod = [null], testException = [null], mergedContextConfiguration = [WebMergedContextConfiguration@79e6ae46 testClass = PostsApiControllerTest, locations = '{}', classes = '{class com.cchj.admin.springboot.Application}', contextInitializerClasses = '[]', activeProfiles = '{}', propertySourceLocations = '{}', propertySourceProperties = '{org.springframework.boot.test.context.SpringBootTestContextBootstrapper=true, server.port=0}', contextCustomizers = set[org.springframework.boot.test.autoconfigure.properties.PropertyMappingContextCustomizer@0, org.springframework.boot.test.autoconfigure.web.servlet.WebDriverContextCustomizerFactory$Customizer@b4a7b2c, org.springframework.boot.test.context.filter.ExcludeFilterContextCustomizer@214f6466, org.springframework.boot.test.json.DuplicateJsonObjectContextCustomizerFactory$DuplicateJsonObjectContextCustomizer@49e3d380, org.springframework.boot.test.mock.mockito.MockitoContextCustomizer@0, org.springframework.boot.test.web.client.TestRestTemplateContextCustomizer@704d14c5], resourceBasePath = 'src/main/webapp', contextLoader = 'org.springframework.boot.test.context.SpringBootContextLoader', parent = [null]], attributes = map['org.springframework.test.context.web.ServletTestExecutionListener.activateListener' -> false]]].
15:50:14.571 [Test worker] DEBUG org.springframework.test.context.support.TestPropertySourceUtils - Adding inlined properties to environment: {spring.jmx.enabled=false, org.springframework.boot.test.context.SpringBootTestContextBootstrapper=true, server.port=0}

  .   ____          _            __ _ _
 /\\ / ___'_ __ _ _(_)_ __  __ _ \ \ \ \
( ( )\___ | '_ | '_| | '_ \/ _` | \ \ \ \
 \\/  ___)| |_)| | | | | || (_| |  ) ) ) )
  '  |____| .__|_| |_|_| |_\__, | / / / /
 =========|_|==============|___/=/_/_/_/
 :: Spring Boot ::        (v2.1.7.RELEASE)

2023-03-08 15:50:14.770  INFO 2968 --- [    Test worker] c.c.a.s.web.PostsApiControllerTest       : Starting PostsApiControllerTest on HyoJun-ThinkPad with PID 2968 (started by cjfgh in C:\Users\cjfgh\Desktop\SpringPractice\SpringBoot_Aws)
2023-03-08 15:50:14.771  INFO 2968 --- [    Test worker] c.c.a.s.web.PostsApiControllerTest       : The following profiles are active: oauth
2023-03-08 15:50:15.428  INFO 2968 --- [    Test worker] .s.d.r.c.RepositoryConfigurationDelegate : Bootstrapping Spring Data repositories in DEFAULT mode.
2023-03-08 15:50:15.497  INFO 2968 --- [    Test worker] .s.d.r.c.RepositoryConfigurationDelegate : Finished Spring Data repository scanning in 62ms. Found 2 repository interfaces.
2023-03-08 15:50:15.891  INFO 2968 --- [    Test worker] trationDelegate$BeanPostProcessorChecker : Bean 'org.springframework.transaction.annotation.ProxyTransactionManagementConfiguration' of type [org.springframework.transaction.annotation.ProxyTransactionManagementConfiguration$$EnhancerBySpringCGLIB$$9fcce4bf] is not eligible for getting processed by all BeanPostProcessors (for example: not eligible for auto-proxying)
2023-03-08 15:50:16.196  INFO 2968 --- [    Test worker] o.s.b.w.embedded.tomcat.TomcatWebServer  : Tomcat initialized with port(s): 0 (http)
2023-03-08 15:50:16.216  INFO 2968 --- [    Test worker] o.apache.catalina.core.StandardService   : Starting service [Tomcat]
2023-03-08 15:50:16.216  INFO 2968 --- [    Test worker] org.apache.catalina.core.StandardEngine  : Starting Servlet engine: [Apache Tomcat/9.0.22]
2023-03-08 15:50:16.315  INFO 2968 --- [    Test worker] o.a.c.c.C.[Tomcat].[localhost].[/]       : Initializing Spring embedded WebApplicationContext
2023-03-08 15:50:16.316  INFO 2968 --- [    Test worker] o.s.web.context.ContextLoader            : Root WebApplicationContext: initialization completed in 1528 ms
2023-03-08 15:50:16.578  INFO 2968 --- [    Test worker] com.zaxxer.hikari.HikariDataSource       : HikariPool-1 - Starting...
2023-03-08 15:50:16.713  INFO 2968 --- [    Test worker] com.zaxxer.hikari.HikariDataSource       : HikariPool-1 - Start completed.
2023-03-08 15:50:16.801  INFO 2968 --- [    Test worker] o.hibernate.jpa.internal.util.LogHelper  : HHH000204: Processing PersistenceUnitInfo [
	name: default
	...]
2023-03-08 15:50:16.903  INFO 2968 --- [    Test worker] org.hibernate.Version                    : HHH000412: Hibernate Core {5.3.10.Final}
2023-03-08 15:50:16.906  INFO 2968 --- [    Test worker] org.hibernate.cfg.Environment            : HHH000206: hibernate.properties not found
2023-03-08 15:50:17.112  INFO 2968 --- [    Test worker] o.hibernate.annotations.common.Version   : HCANN000001: Hibernate Commons Annotations {5.0.4.Final}
2023-03-08 15:50:17.300  INFO 2968 --- [    Test worker] org.hibernate.dialect.Dialect            : HHH000400: Using dialect: org.hibernate.dialect.MySQL5InnoDBDialect
Hibernate: drop table if exists posts
Hibernate: drop table if exists user
Hibernate: create table posts (id bigint not null auto_increment, created_date datetime, modified_date datetime, author varchar(255), content TEXT not null, title varchar(500) not null, primary key (id)) engine=InnoDB
Hibernate: create table user (id bigint not null auto_increment, created_date datetime, modified_date datetime, email varchar(255) not null, name varchar(255) not null, picture varchar(255), role varchar(255) not null, primary key (id)) engine=InnoDB
2023-03-08 15:50:17.975  INFO 2968 --- [    Test worker] o.h.t.schema.internal.SchemaCreatorImpl  : HHH000476: Executing import script 'org.hibernate.tool.schema.internal.exec.ScriptSourceInputNonExistentImpl@51202843'
2023-03-08 15:50:17.978  INFO 2968 --- [    Test worker] j.LocalContainerEntityManagerFactoryBean : Initialized JPA EntityManagerFactory for persistence unit 'default'
2023-03-08 15:50:18.876  INFO 2968 --- [    Test worker] o.h.h.i.QueryTranslatorFactoryInitiator  : HHH000397: Using ASTQueryTranslatorFactory
2023-03-08 15:50:19.305  INFO 2968 --- [    Test worker] o.s.s.web.DefaultSecurityFilterChain     : Creating filter chain: any request, [org.springframework.security.web.context.request.async.WebAsyncManagerIntegrationFilter@79437a04, org.springframework.security.web.context.SecurityContextPersistenceFilter@39ebee14, org.springframework.security.web.header.HeaderWriterFilter@bdd138c, org.springframework.security.web.authentication.logout.LogoutFilter@5090186a, org.springframework.security.oauth2.client.web.OAuth2AuthorizationRequestRedirectFilter@339e6b70, org.springframework.security.oauth2.client.web.OAuth2LoginAuthenticationFilter@6629f9d, org.springframework.security.web.authentication.ui.DefaultLoginPageGeneratingFilter@8f5ac90, org.springframework.security.web.authentication.ui.DefaultLogoutPageGeneratingFilter@535ec64e, org.springframework.security.web.savedrequest.RequestCacheAwareFilter@51c0c098, org.springframework.security.web.servletapi.SecurityContextHolderAwareRequestFilter@74946a40, org.springframework.security.web.authentication.AnonymousAuthenticationFilter@1966acd2, org.springframework.security.web.session.SessionManagementFilter@1c09d827, org.springframework.security.web.access.ExceptionTranslationFilter@2bf0c39, org.springframework.security.web.access.intercept.FilterSecurityInterceptor@4d2f7d46]
2023-03-08 15:50:19.688  INFO 2968 --- [    Test worker] o.s.s.concurrent.ThreadPoolTaskExecutor  : Initializing ExecutorService 'applicationTaskExecutor'
2023-03-08 15:50:19.764  WARN 2968 --- [    Test worker] aWebConfiguration$JpaWebMvcConfiguration : spring.jpa.open-in-view is enabled by default. Therefore, database queries may be performed during view rendering. Explicitly configure spring.jpa.open-in-view to disable this warning
2023-03-08 15:50:19.812  INFO 2968 --- [    Test worker] o.s.b.a.w.s.WelcomePageHandlerMapping    : Adding welcome page template: index
2023-03-08 15:50:20.184  INFO 2968 --- [    Test worker] s.a.ScheduledAnnotationBeanPostProcessor : No TaskScheduler/ScheduledExecutorService bean found for scheduled processing
2023-03-08 15:50:20.211  INFO 2968 --- [    Test worker] o.s.b.w.embedded.tomcat.TomcatWebServer  : Tomcat started on port(s): 63570 (http) with context path ''
2023-03-08 15:50:20.214  INFO 2968 --- [    Test worker] c.c.a.s.web.PostsApiControllerTest       : Started PostsApiControllerTest in 5.642 seconds (JVM running for 6.451)
2023-03-08 15:50:20.220  INFO 2968 --- [    Test worker] f.a.AutowiredAnnotationBeanPostProcessor : Autowired annotation should only be used on methods with parameters: public void com.cchj.admin.springboot.web.PostsApiControllerTest.tearDown() throws java.lang.Exception
Hibernate: select posts0_.id as id1_0_, posts0_.created_date as created_2_0_, posts0_.modified_date as modified3_0_, posts0_.author as author4_0_, posts0_.content as content5_0_, posts0_.title as title6_0_ from posts posts0_
2023-03-08 15:50:20.338  INFO 2968 --- [    Test worker] o.a.c.c.C.[Tomcat].[localhost].[/]       : Initializing Spring TestDispatcherServlet ''
2023-03-08 15:50:20.338  INFO 2968 --- [    Test worker] o.s.t.web.servlet.TestDispatcherServlet  : Initializing Servlet ''
2023-03-08 15:50:20.352  INFO 2968 --- [    Test worker] o.s.t.web.servlet.TestDispatcherServlet  : Completed initialization in 13 ms
Hibernate: insert into posts (created_date, modified_date, author, content, title) values (?, ?, ?, ?, ?)
Hibernate: select posts0_.id as id1_0_, posts0_.created_date as created_2_0_, posts0_.modified_date as modified3_0_, posts0_.author as author4_0_, posts0_.content as content5_0_, posts0_.title as title6_0_ from posts posts0_
Hibernate: select posts0_.id as id1_0_, posts0_.created_date as created_2_0_, posts0_.modified_date as modified3_0_, posts0_.author as author4_0_, posts0_.content as content5_0_, posts0_.title as title6_0_ from posts posts0_
Hibernate: delete from posts where id=?
2023-03-08 15:50:20.671  INFO 2968 --- [    Test worker] o.a.c.c.C.[Tomcat].[localhost].[/]       : Initializing Spring TestDispatcherServlet ''
2023-03-08 15:50:20.671  INFO 2968 --- [    Test worker] o.s.t.web.servlet.TestDispatcherServlet  : Initializing Servlet ''
2023-03-08 15:50:20.674  INFO 2968 --- [    Test worker] o.s.t.web.servlet.TestDispatcherServlet  : Completed initialization in 3 ms
Hibernate: insert into posts (created_date, modified_date, author, content, title) values (?, ?, ?, ?, ?)
Hibernate: select posts0_.id as id1_0_0_, posts0_.created_date as created_2_0_0_, posts0_.modified_date as modified3_0_0_, posts0_.author as author4_0_0_, posts0_.content as content5_0_0_, posts0_.title as title6_0_0_ from posts posts0_ where posts0_.id=?
Hibernate: update posts set created_date=?, modified_date=?, author=?, content=?, title=? where id=?
Hibernate: select posts0_.id as id1_0_, posts0_.created_date as created_2_0_, posts0_.modified_date as modified3_0_, posts0_.author as author4_0_, posts0_.content as content5_0_, posts0_.title as title6_0_ from posts posts0_
]]></system-out>
  <system-err><![CDATA[]]></system-err>
</testsuite>
